<?xml version="1.0" encoding="UTF-8"?>
<testsuite xmlns:xsi="http://www.w3.org/2001/XMLSchema-instance" xsi:noNamespaceSchemaLocation="https://maven.apache.org/surefire/maven-surefire-plugin/xsd/surefire-test-report-3.0.xsd" version="3.0" name="com.abn.recipeapi_v1.RecipeDAOServiceTests" time="0.812" tests="5" errors="0" skipped="0" failures="0">
  <properties>
[...]
</properties>
  <testcase name="getAllRecipes" classname="com.abn.recipeapi_v1.RecipeDAOServiceTests" time="0.755"/>
  <testcase name="findRecipeByID" classname="com.abn.recipeapi_v1.RecipeDAOServiceTests" time="0.003"/>
  <testcase name="updateRecipe" classname="com.abn.recipeapi_v1.RecipeDAOServiceTests" time="0.002"/>
  <testcase name="deleteRecipe" classname="com.abn.recipeapi_v1.RecipeDAOServiceTests" time="0.002"/>
  <testcase name="createRecipe" classname="com.abn.recipeapi_v1.RecipeDAOServiceTests" time="0.004"/>
</testsuite>